# BLASTP 2.2.26 [Sep-21-2011]
# Query: sp|P00698|LYSC_CHICK Lysozyme C OS=Gallus gallus GN=LYZ PE=1 SV=1
# Database: db/project_seqs
# Fields: Query id, Subject id, % identity, alignment length, mismatches, gap openings, q. start, q. end, s. start, s. end, e-value, bit score
sp|P00698|LYSC_CHICK	sp|P00698|LYSC_CHICK	100.00	147	0	0	1	147	1	147	5e-109	 300
sp|P00698|LYSC_CHICK	sp|P00701|LYSC_COTJA	95.24	147	7	0	1	147	1	147	2e-104	 289
sp|P00698|LYSC_CHICK	sp|P00703|LYSC_MELGA	95.24	147	7	0	1	147	1	147	2e-103	 286
sp|P00698|LYSC_CHICK	sp|P00702|LYSC_PHACO	93.20	147	10	0	1	147	1	147	6e-101	 280
sp|P00698|LYSC_CHICK	sp|P00700|LYSC_COLVI	96.90	129	4	0	19	147	1	129	4e-94	 262
sp|P00698|LYSC_CHICK	sp|P00704|LYSC_NUMME	92.25	129	10	0	19	147	1	129	8e-90	 251
sp|P00698|LYSC_CHICK	sp|P61626|LYSC_HUMAN	57.53	146	61	1	1	145	1	146	3e-61	 179
sp|P00698|LYSC_CHICK	sp|P11941|LYSC2_ONCMY	61.42	127	49	0	19	145	16	142	3e-59	 174
sp|P00698|LYSC_CHICK	sp|P08905|LYZ2_MOUSE	56.39	133	57	1	14	145	14	146	2e-53	 159
sp|P00698|LYSC_CHICK	sp|P81708|LYSC1_CANFA	53.08	130	59	2	19	147	1	129	2e-49	 149
sp|P00698|LYSC_CHICK	sp|P11376|LYSC1_HORSE	49.23	130	64	2	19	147	1	129	3e-45	 138
sp|P00698|LYSC_CHICK	sp|P37156|LYSC1_TACAC	55.00	120	54	0	19	138	1	120	1e-44	 137
sp|P00698|LYSC_CHICK	sp|P00712|LALBA_CAPHI	40.60	133	75	3	1	133	2	130	5e-31	 102
sp|P00698|LYSC_CHICK	sp|P00709|LALBA_HUMAN	39.53	129	73	4	5	133	7	130	5e-29	97.8
sp|P00698|LYSC_CHICK	sp|P00711|LALBA_BOVIN	38.35	133	78	3	1	133	2	130	2e-28	96.3
sp|P00698|LYSC_CHICK	sp|P12065|LALBA_PAPCY	37.39	115	68	3	19	133	1	111	5e-25	87.0
sp|P00698|LYSC_CHICK	sp|P00713|LALBA_CAVPO	34.09	132	79	4	8	133	1	130	8e-20	73.9
sp|P00698|LYSC_CHICK	sp|P83391|CYC6_CLAGO	40.00	20	12	0	121	140	58	77	3.6	20.4
sp|P00698|LYSC_CHICK	sp|P38398|BRCA1_HUMAN	53.85	13	6	0	78	90	324	336	6.8	20.0
